
Showing logs for build [32mcb-kubecd-environment-pr-193-14-g428p-1[0m stage [32mfrom-build-pack[0m and container [32mstep-credential-initializer-hlntr[0m
{"level":"warn","ts":1586107726.9190261,"logger":"fallback-logger","caller":"logging/config.go:69","msg":"Fetch GitHub commit ID from kodata failed: \"ref: refs/heads/0.8.0-**-support-backwards-incompats\" is not a valid GitHub commit ID"}
{"level":"info","ts":1586107726.9195592,"logger":"fallback-logger","caller":"creds-init/main.go:40","msg":"Credentials initialized."}

Showing logs for build [32mcb-kubecd-environment-pr-193-14-g428p-1[0m stage [32mfrom-build-pack[0m and container [32mstep-working-dir-initializer-mp9rn[0m
{"level":"warn","ts":1586107728.3264532,"logger":"fallback-logger","caller":"logging/config.go:69","msg":"Fetch GitHub commit ID from kodata failed: open /var/run/ko/HEAD: no such file or directory"}
{"level":"info","ts":1586107728.3283362,"logger":"fallback-logger","caller":"bash/main.go:64","msg":"Successfully executed command \"sh -c mkdir -p /workspace/source\"; output "}

Showing logs for build [32mcb-kubecd-environment-pr-193-14-g428p-1[0m stage [32mfrom-build-pack[0m and container [32mstep-place-tools[0m

Showing logs for build [32mcb-kubecd-environment-pr-193-14-g428p-1[0m stage [32mfrom-build-pack[0m and container [32mstep-git-source-cb-kubecd-environment-pr-193-14-g428p-mrd4c[0m
{"level":"warn","ts":1586107732.61081,"logger":"fallback-logger","caller":"logging/config.go:69","msg":"Fetch GitHub commit ID from kodata failed: \"ref: refs/heads/0.8.0-**-support-backwards-incompats\" is not a valid GitHub commit ID"}
{"level":"info","ts":1586107733.6799462,"logger":"fallback-logger","caller":"git/git.go:103","msg":"Successfully cloned https://github.com/cb-kubecd/environment-pr-193-149-boot-gke-staging.git @ master in path /workspace/source"}

Showing logs for build [32mcb-kubecd-environment-pr-193-14-g428p-1[0m stage [32mfrom-build-pack[0m and container [32mstep-git-merge[0m
Using SHAs from PULL_REFS=master:0ae2c1288f7eef55aed1e102bb071d81b07fefcc,6:aff816eb5ede8f918eb0b7d7de6a6760a14b9624
DEBUG: JX_LOG_LEVEL=error LC_ALL=C git fetch origin --unshallow aff816eb5ede8f918eb0b7d7de6a6760a14b9624: 0ae2c1288f7eef55aed1e102bb071d81b07fefcc:
DEBUG: ran git fetch --unshallow origin aff816eb5ede8f918eb0b7d7de6a6760a14b9624: 0ae2c1288f7eef55aed1e102bb071d81b07fefcc: in 
DEBUG: LC_ALL=C JX_LOG_LEVEL=error git branch
DEBUG: LC_ALL=C JX_LOG_LEVEL=error git checkout master
DEBUG: ran git checkout master in 
DEBUG: LC_ALL=C JX_LOG_LEVEL=error git reset --hard 0ae2c1288f7eef55aed1e102bb071d81b07fefcc
DEBUG: ran git reset --hard 0ae2c1288f7eef55aed1e102bb071d81b07fefcc in 
DEBUG: LC_ALL=C JX_LOG_LEVEL=error git clean -fd .
DEBUG: ran clean --force -d . in 
DEBUG: LC_ALL=C JX_LOG_LEVEL=error git merge aff816eb5ede8f918eb0b7d7de6a6760a14b9624
DEBUG: ran git merge aff816eb5ede8f918eb0b7d7de6a6760a14b9624 in 
DEBUG: LC_ALL=C JX_LOG_LEVEL=error git log --format=%H%x1f%an%x1f%ae%x1f%cn%x1f%ce%x1f%s%n%b%x1e 0ae2c1288f7eef55aed1e102bb071d81b07fefcc..HEAD
Merged SHA aff816eb5ede8f918eb0b7d7de6a6760a14b9624 with commit message 'chore: Promote bdd-nh-import-1586106937 to version 0.0.1' into base branch master

Showing logs for build [32mcb-kubecd-environment-pr-193-14-g428p-1[0m stage [32mfrom-build-pack[0m and container [32mstep-build-helm-build[0m
WARNING: No $CHART_REPOSITORY defined so using the default value of: http://jenkins-x-chartmuseum:8080
Adding missing Helm repo: storage.googleapis.com https://storage.googleapis.com/chartmuseum.jenkins-x.io
WARNING: No secrets found on "helm/repos" due: reading the secret "helm/repos" from vault: no secret "helm/repos" not found in vault
Read credentials for https://storage.googleapis.com/chartmuseum.jenkins-x.io from vault helm/repos
Successfully added Helm repository storage.googleapis.com.
Adding missing Helm repo: jenkins-x-chartmuseum http://jenkins-x-chartmuseum:8080
WARNING: No secrets found on "helm/repos" due: reading the secret "helm/repos" from vault: no secret "helm/repos" not found in vault
Read credentials for http://jenkins-x-chartmuseum:8080 from vault helm/repos
Successfully added Helm repository jenkins-x-chartmuseum.
WARNING: No $CHART_REPOSITORY defined so using the default value of: http://jenkins-x-chartmuseum:8080
Adding missing Helm repo: chartmuseum.jenkins-x.io http://chartmuseum.jenkins-x.io
WARNING: No secrets found on "helm/repos" due: reading the secret "helm/repos" from vault: no secret "helm/repos" not found in vault
Read credentials for http://chartmuseum.jenkins-x.io from vault helm/repos
Successfully added Helm repository chartmuseum.jenkins-x.io.
