
Showing logs for build [32mcb-kubecd-environment-pr-193-14-wns9z-1[0m stage [32mfrom-build-pack[0m and container [32mstep-credential-initializer-fwmkm[0m
{"level":"warn","ts":1586104930.8180244,"logger":"fallback-logger","caller":"logging/config.go:69","msg":"Fetch GitHub commit ID from kodata failed: \"ref: refs/heads/0.8.0-**-support-backwards-incompats\" is not a valid GitHub commit ID"}
{"level":"info","ts":1586104930.8192778,"logger":"fallback-logger","caller":"creds-init/main.go:40","msg":"Credentials initialized."}

Showing logs for build [32mcb-kubecd-environment-pr-193-14-wns9z-1[0m stage [32mfrom-build-pack[0m and container [32mstep-working-dir-initializer-772mt[0m
{"level":"warn","ts":1586104931.850617,"logger":"fallback-logger","caller":"logging/config.go:69","msg":"Fetch GitHub commit ID from kodata failed: open /var/run/ko/HEAD: no such file or directory"}
{"level":"info","ts":1586104931.8527668,"logger":"fallback-logger","caller":"bash/main.go:64","msg":"Successfully executed command \"sh -c mkdir -p /workspace/source\"; output "}

Showing logs for build [32mcb-kubecd-environment-pr-193-14-wns9z-1[0m stage [32mfrom-build-pack[0m and container [32mstep-place-tools[0m

Showing logs for build [32mcb-kubecd-environment-pr-193-14-wns9z-1[0m stage [32mfrom-build-pack[0m and container [32mstep-git-source-cb-kubecd-environment-pr-193-14-wns9z-rpjxx[0m
{"level":"warn","ts":1586104934.9915004,"logger":"fallback-logger","caller":"logging/config.go:69","msg":"Fetch GitHub commit ID from kodata failed: \"ref: refs/heads/0.8.0-**-support-backwards-incompats\" is not a valid GitHub commit ID"}
{"level":"info","ts":1586104936.0332234,"logger":"fallback-logger","caller":"git/git.go:103","msg":"Successfully cloned https://github.com/cb-kubecd/environment-pr-193-149-boot-gke-staging.git @ master in path /workspace/source"}

Showing logs for build [32mcb-kubecd-environment-pr-193-14-wns9z-1[0m stage [32mfrom-build-pack[0m and container [32mstep-git-merge[0m
Using SHAs from PULL_REFS=master:5cbdcfa95161399e2df31dc7d37e7f7b7a23a792,2:bff6b4e1cfd8affa955c5c1dfd28b43a353aa1d7
DEBUG: LC_ALL=C JX_LOG_LEVEL=error git fetch origin --unshallow bff6b4e1cfd8affa955c5c1dfd28b43a353aa1d7: 5cbdcfa95161399e2df31dc7d37e7f7b7a23a792:
DEBUG: ran git fetch --unshallow origin bff6b4e1cfd8affa955c5c1dfd28b43a353aa1d7: 5cbdcfa95161399e2df31dc7d37e7f7b7a23a792: in 
DEBUG: LC_ALL=C JX_LOG_LEVEL=error git branch
DEBUG: LC_ALL=C JX_LOG_LEVEL=error git checkout master
DEBUG: ran git checkout master in 
DEBUG: JX_LOG_LEVEL=error LC_ALL=C git reset --hard 5cbdcfa95161399e2df31dc7d37e7f7b7a23a792
DEBUG: ran git reset --hard 5cbdcfa95161399e2df31dc7d37e7f7b7a23a792 in 
DEBUG: LC_ALL=C JX_LOG_LEVEL=error git clean -fd .
DEBUG: ran clean --force -d . in 
DEBUG: LC_ALL=C JX_LOG_LEVEL=error git merge bff6b4e1cfd8affa955c5c1dfd28b43a353aa1d7
DEBUG: ran git merge bff6b4e1cfd8affa955c5c1dfd28b43a353aa1d7 in 
DEBUG: LC_ALL=C JX_LOG_LEVEL=error git log --format=%H%x1f%an%x1f%ae%x1f%cn%x1f%ce%x1f%s%n%b%x1e 5cbdcfa95161399e2df31dc7d37e7f7b7a23a792..HEAD
Merged SHA bff6b4e1cfd8affa955c5c1dfd28b43a353aa1d7 with commit message 'chore: Promote bdd-nh-1586104762 to version 0.0.1' into base branch master

Showing logs for build [32mcb-kubecd-environment-pr-193-14-wns9z-1[0m stage [32mfrom-build-pack[0m and container [32mstep-build-helm-build[0m
WARNING: No $CHART_REPOSITORY defined so using the default value of: http://jenkins-x-chartmuseum:8080
Adding missing Helm repo: storage.googleapis.com https://storage.googleapis.com/chartmuseum.jenkins-x.io
WARNING: No secrets found on "helm/repos" due: reading the secret "helm/repos" from vault: no secret "helm/repos" not found in vault
Read credentials for https://storage.googleapis.com/chartmuseum.jenkins-x.io from vault helm/repos
Successfully added Helm repository storage.googleapis.com.
Adding missing Helm repo: jenkins-x-chartmuseum http://jenkins-x-chartmuseum:8080
WARNING: No secrets found on "helm/repos" due: reading the secret "helm/repos" from vault: no secret "helm/repos" not found in vault
Read credentials for http://jenkins-x-chartmuseum:8080 from vault helm/repos
Successfully added Helm repository jenkins-x-chartmuseum.
WARNING: No $CHART_REPOSITORY defined so using the default value of: http://jenkins-x-chartmuseum:8080
Adding missing Helm repo: chartmuseum.jenkins-x.io http://chartmuseum.jenkins-x.io
WARNING: No secrets found on "helm/repos" due: reading the secret "helm/repos" from vault: no secret "helm/repos" not found in vault
Read credentials for http://chartmuseum.jenkins-x.io from vault helm/repos
Successfully added Helm repository chartmuseum.jenkins-x.io.
