
Showing logs for build [32mcb-kubecd-environment-pr-193-14-kjc4c-1[0m stage [32mfrom-build-pack[0m and container [32mstep-credential-initializer-whdcv[0m
{"level":"warn","ts":1586106365.3374884,"logger":"fallback-logger","caller":"logging/config.go:69","msg":"Fetch GitHub commit ID from kodata failed: \"ref: refs/heads/0.8.0-**-support-backwards-incompats\" is not a valid GitHub commit ID"}
{"level":"info","ts":1586106365.3384237,"logger":"fallback-logger","caller":"creds-init/main.go:40","msg":"Credentials initialized."}

Showing logs for build [32mcb-kubecd-environment-pr-193-14-kjc4c-1[0m stage [32mfrom-build-pack[0m and container [32mstep-working-dir-initializer-pvj4k[0m
{"level":"warn","ts":1586106366.2926986,"logger":"fallback-logger","caller":"logging/config.go:69","msg":"Fetch GitHub commit ID from kodata failed: open /var/run/ko/HEAD: no such file or directory"}
{"level":"info","ts":1586106366.296628,"logger":"fallback-logger","caller":"bash/main.go:64","msg":"Successfully executed command \"sh -c mkdir -p /workspace/source\"; output "}

Showing logs for build [32mcb-kubecd-environment-pr-193-14-kjc4c-1[0m stage [32mfrom-build-pack[0m and container [32mstep-place-tools[0m

Showing logs for build [32mcb-kubecd-environment-pr-193-14-kjc4c-1[0m stage [32mfrom-build-pack[0m and container [32mstep-git-source-cb-kubecd-environment-pr-193-14-kjc4c-4z9kg[0m
{"level":"warn","ts":1586106372.6573424,"logger":"fallback-logger","caller":"logging/config.go:69","msg":"Fetch GitHub commit ID from kodata failed: \"ref: refs/heads/0.8.0-**-support-backwards-incompats\" is not a valid GitHub commit ID"}
{"level":"info","ts":1586106373.7052789,"logger":"fallback-logger","caller":"git/git.go:103","msg":"Successfully cloned https://github.com/cb-kubecd/environment-pr-193-149-boot-gke-staging.git @ master in path /workspace/source"}

Showing logs for build [32mcb-kubecd-environment-pr-193-14-kjc4c-1[0m stage [32mfrom-build-pack[0m and container [32mstep-git-merge[0m
Using SHAs from PULL_REFS=master:e3be6a2344108e7c7b9ced9ddc2850ead0e54783,4:d98f76917e8ae85d6ebcd7a0f6ccc82470c32868
DEBUG: LC_ALL=C JX_LOG_LEVEL=error git fetch origin --unshallow d98f76917e8ae85d6ebcd7a0f6ccc82470c32868: e3be6a2344108e7c7b9ced9ddc2850ead0e54783:
DEBUG: ran git fetch --unshallow origin d98f76917e8ae85d6ebcd7a0f6ccc82470c32868: e3be6a2344108e7c7b9ced9ddc2850ead0e54783: in 
DEBUG: LC_ALL=C JX_LOG_LEVEL=error git branch
DEBUG: LC_ALL=C JX_LOG_LEVEL=error git checkout master
DEBUG: ran git checkout master in 
DEBUG: LC_ALL=C JX_LOG_LEVEL=error git reset --hard e3be6a2344108e7c7b9ced9ddc2850ead0e54783
DEBUG: ran git reset --hard e3be6a2344108e7c7b9ced9ddc2850ead0e54783 in 
DEBUG: LC_ALL=C JX_LOG_LEVEL=error git clean -fd .
DEBUG: ran clean --force -d . in 
DEBUG: LC_ALL=C JX_LOG_LEVEL=error git merge d98f76917e8ae85d6ebcd7a0f6ccc82470c32868
DEBUG: ran git merge d98f76917e8ae85d6ebcd7a0f6ccc82470c32868 in 
DEBUG: LC_ALL=C JX_LOG_LEVEL=error git log --format=%H%x1f%an%x1f%ae%x1f%cn%x1f%ce%x1f%s%n%b%x1e e3be6a2344108e7c7b9ced9ddc2850ead0e54783..HEAD
Merged SHA d98f76917e8ae85d6ebcd7a0f6ccc82470c32868 with commit message 'chore: Promote bdd-sbhg-1586104762 to version 0.0.1' into base branch master

Showing logs for build [32mcb-kubecd-environment-pr-193-14-kjc4c-1[0m stage [32mfrom-build-pack[0m and container [32mstep-build-helm-build[0m
WARNING: No $CHART_REPOSITORY defined so using the default value of: http://jenkins-x-chartmuseum:8080
Adding missing Helm repo: storage.googleapis.com https://storage.googleapis.com/chartmuseum.jenkins-x.io
WARNING: No secrets found on "helm/repos" due: reading the secret "helm/repos" from vault: no secret "helm/repos" not found in vault
Read credentials for https://storage.googleapis.com/chartmuseum.jenkins-x.io from vault helm/repos
Successfully added Helm repository storage.googleapis.com.
Adding missing Helm repo: jenkins-x-chartmuseum http://jenkins-x-chartmuseum:8080
WARNING: No secrets found on "helm/repos" due: reading the secret "helm/repos" from vault: no secret "helm/repos" not found in vault
Read credentials for http://jenkins-x-chartmuseum:8080 from vault helm/repos
Successfully added Helm repository jenkins-x-chartmuseum.
WARNING: No $CHART_REPOSITORY defined so using the default value of: http://jenkins-x-chartmuseum:8080
Adding missing Helm repo: chartmuseum.jenkins-x.io http://chartmuseum.jenkins-x.io
WARNING: No secrets found on "helm/repos" due: reading the secret "helm/repos" from vault: no secret "helm/repos" not found in vault
Read credentials for http://chartmuseum.jenkins-x.io from vault helm/repos
Successfully added Helm repository chartmuseum.jenkins-x.io.
